{"numFailedTestSuites":0,"numFailedTests":0,"numPassedTestSuites":7,"numPassedTests":13,"numPendingTestSuites":0,"numPendingTests":0,"numRuntimeErrorTestSuites":0,"numTodoTests":0,"numTotalTestSuites":7,"numTotalTests":13,"openHandles":[],"snapshot":{"added":0,"didUpdate":false,"failure":false,"filesAdded":0,"filesRemoved":0,"filesRemovedList":[],"filesUnmatched":0,"filesUpdated":0,"matched":2,"total":2,"unchecked":0,"uncheckedKeysByFile":[],"unmatched":0,"updated":0},"startTime":1647656063366,"success":true,"testResults":[{"assertionResults":[{"ancestorTitles":["<Container />"],"failureMessages":[],"fullName":"<Container /> should render the heading","location":null,"status":"passed","title":"should render the heading"}],"endTime":1647656065339,"message":"","name":"/home/coderamos/GITHUB/CASES/case-picpay-frontend/src/components/Container/test.tsx","startTime":1647656063993,"status":"passed","summary":""},{"assertionResults":[{"ancestorTitles":["<MediaMatch />"],"failureMessages":[],"fullName":"<MediaMatch /> should be hidden of no media query is passed","location":null,"status":"passed","title":"should be hidden of no media query is passed"},{"ancestorTitles":["<MediaMatch />"],"failureMessages":[],"fullName":"<MediaMatch /> should show or hide based on media props","location":null,"status":"passed","title":"should show or hide based on media props"}],"endTime":1647656065342,"message":"","name":"/home/coderamos/GITHUB/CASES/case-picpay-frontend/src/components/MediaMatch/test.tsx","startTime":1647656064033,"status":"passed","summary":""},{"assertionResults":[{"ancestorTitles":["<Text />"],"failureMessages":[],"fullName":"<Text /> should render the Text component","location":null,"status":"passed","title":"should render the Text component"}],"endTime":1647656065345,"message":"","name":"/home/coderamos/GITHUB/CASES/case-picpay-frontend/src/components/Text/test.tsx","startTime":1647656064030,"status":"passed","summary":""},{"assertionResults":[{"ancestorTitles":["<Button />"],"failureMessages":[],"fullName":"<Button /> should render the button","location":null,"status":"passed","title":"should render the button"}],"endTime":1647656065433,"message":"","name":"/home/coderamos/GITHUB/CASES/case-picpay-frontend/src/components/Button/test.tsx","startTime":1647656064023,"status":"passed","summary":""},{"assertionResults":[{"ancestorTitles":["<InputText />"],"failureMessages":[],"fullName":"<InputText /> should render with label","location":null,"status":"passed","title":"should render with label"},{"ancestorTitles":["<InputText />"],"failureMessages":[],"fullName":"<InputText /> should render without Label","location":null,"status":"passed","title":"should render without Label"},{"ancestorTitles":["<InputText />"],"failureMessages":[],"fullName":"<InputText /> should render with placeholder","location":null,"status":"passed","title":"should render with placeholder"},{"ancestorTitles":["<InputText />"],"failureMessages":[],"fullName":"<InputText /> should accessible by tab key","location":null,"status":"passed","title":"should accessible by tab key"},{"ancestorTitles":["<InputText />"],"failureMessages":[],"fullName":"<InputText /> should render with Icon","location":null,"status":"passed","title":"should render with Icon"},{"ancestorTitles":["<InputText />"],"failureMessages":[],"fullName":"<InputText /> should render with error","location":null,"status":"passed","title":"should render with error"}],"endTime":1647656065517,"message":"","name":"/home/coderamos/GITHUB/CASES/case-picpay-frontend/src/components/InputText/test.tsx","startTime":1647656064052,"status":"passed","summary":""},{"assertionResults":[{"ancestorTitles":["<Logo />"],"failureMessages":[],"fullName":"<Logo /> should render the Logo component","location":null,"status":"passed","title":"should render the Logo component"}],"endTime":1647656065599,"message":"","name":"/home/coderamos/GITHUB/CASES/case-picpay-frontend/src/components/Logo/test.tsx","startTime":1647656065359,"status":"passed","summary":""},{"assertionResults":[{"ancestorTitles":["<Menu />"],"failureMessages":[],"fullName":"<Menu /> should render the Menu component","location":null,"status":"passed","title":"should render the Menu component"}],"endTime":1647656065671,"message":"","name":"/home/coderamos/GITHUB/CASES/case-picpay-frontend/src/components/Menu/test.tsx","startTime":1647656065361,"status":"passed","summary":""}],"wasInterrupted":false,"coverageMap":{"/home/coderamos/GITHUB/CASES/case-picpay-frontend/src/components/Container/index.tsx":{"path":"/home/coderamos/GITHUB/CASES/case-picpay-frontend/src/components/Container/index.tsx","statementMap":{"0":{"start":{"line":4,"column":18},"end":{"line":25,"column":1}},"1":{"start":{"line":5,"column":19},"end":{"line":24,"column":3}}},"fnMap":{"0":{"name":"(anonymous_0)","decl":{"start":{"line":5,"column":4},"end":{"line":5,"column":5}},"loc":{"start":{"line":5,"column":19},"end":{"line":24,"column":3}},"line":5}},"branchMap":{},"s":{"0":2,"1":2},"f":{"0":2},"b":{},"_coverageSchema":"1a1c01bbd47fc00a2c39e90264f33305004495a9","hash":"d0218cfb3819105bc05ed55af340ab6997eb8369"},"/home/coderamos/GITHUB/CASES/case-picpay-frontend/src/components/MediaMatch/index.tsx":{"path":"/home/coderamos/GITHUB/CASES/case-picpay-frontend/src/components/MediaMatch/index.tsx","statementMap":{"0":{"start":{"line":11,"column":28},"end":{"line":18,"column":1}},"1":{"start":{"line":12,"column":34},"end":{"line":14,"column":3}},"2":{"start":{"line":15,"column":37},"end":{"line":17,"column":3}},"3":{"start":{"line":21,"column":35},"end":{"line":25,"column":3}}},"fnMap":{"0":{"name":"(anonymous_0)","decl":{"start":{"line":12,"column":12},"end":{"line":12,"column":13}},"loc":{"start":{"line":12,"column":34},"end":{"line":14,"column":3}},"line":12},"1":{"name":"(anonymous_1)","decl":{"start":{"line":15,"column":15},"end":{"line":15,"column":16}},"loc":{"start":{"line":15,"column":37},"end":{"line":17,"column":3}},"line":15},"2":{"name":"(anonymous_2)","decl":{"start":{"line":21,"column":4},"end":{"line":21,"column":5}},"loc":{"start":{"line":21,"column":35},"end":{"line":25,"column":3}},"line":21}},"branchMap":{"0":{"loc":{"start":{"line":23,"column":6},"end":{"line":23,"column":58}},"type":"binary-expr","locations":[{"start":{"line":23,"column":6},"end":{"line":23,"column":16}},{"start":{"line":23,"column":20},"end":{"line":23,"column":58}}],"line":23},"1":{"loc":{"start":{"line":24,"column":6},"end":{"line":24,"column":67}},"type":"binary-expr","locations":[{"start":{"line":24,"column":6},"end":{"line":24,"column":19}},{"start":{"line":24,"column":23},"end":{"line":24,"column":67}}],"line":24}},"s":{"0":2,"1":2,"2":3,"3":5},"f":{"0":2,"1":3,"2":5},"b":{"0":[5,2],"1":[5,3]},"_coverageSchema":"1a1c01bbd47fc00a2c39e90264f33305004495a9","hash":"979453810bb0e6c7f9395e9fc301deb9348ab119"},"/home/coderamos/GITHUB/CASES/case-picpay-frontend/src/components/Text/index.tsx":{"path":"/home/coderamos/GITHUB/CASES/case-picpay-frontend/src/components/Text/index.tsx","statementMap":{"0":{"start":{"line":21,"column":13},"end":{"line":44,"column":1}},"1":{"start":{"line":30,"column":18},"end":{"line":30,"column":22}},"2":{"start":{"line":32,"column":2},"end":{"line":43,"column":4}}},"fnMap":{"0":{"name":"(anonymous_0)","decl":{"start":{"line":21,"column":13},"end":{"line":21,"column":14}},"loc":{"start":{"line":29,"column":17},"end":{"line":44,"column":1}},"line":29}},"branchMap":{"0":{"loc":{"start":{"line":23,"column":2},"end":{"line":23,"column":17}},"type":"default-arg","locations":[{"start":{"line":23,"column":10},"end":{"line":23,"column":17}}],"line":23},"1":{"loc":{"start":{"line":24,"column":2},"end":{"line":24,"column":21}},"type":"default-arg","locations":[{"start":{"line":24,"column":16},"end":{"line":24,"column":21}}],"line":24},"2":{"loc":{"start":{"line":25,"column":2},"end":{"line":25,"column":18}},"type":"default-arg","locations":[{"start":{"line":25,"column":12},"end":{"line":25,"column":18}}],"line":25},"3":{"loc":{"start":{"line":26,"column":2},"end":{"line":26,"column":18}},"type":"default-arg","locations":[{"start":{"line":26,"column":9},"end":{"line":26,"column":18}}],"line":26},"4":{"loc":{"start":{"line":27,"column":2},"end":{"line":27,"column":12}},"type":"default-arg","locations":[{"start":{"line":27,"column":9},"end":{"line":27,"column":12}}],"line":27},"5":{"loc":{"start":{"line":28,"column":2},"end":{"line":28,"column":20}},"type":"default-arg","locations":[{"start":{"line":28,"column":11},"end":{"line":28,"column":20}}],"line":28},"6":{"loc":{"start":{"line":41,"column":7},"end":{"line":41,"column":54}},"type":"cond-expr","locations":[{"start":{"line":41,"column":21},"end":{"line":41,"column":43}},{"start":{"line":41,"column":46},"end":{"line":41,"column":54}}],"line":41}},"s":{"0":2,"1":1,"2":1},"f":{"0":1},"b":{"0":[1],"1":[1],"2":[1],"3":[1],"4":[1],"5":[1],"6":[0,1]},"_coverageSchema":"1a1c01bbd47fc00a2c39e90264f33305004495a9","hash":"696b94839af7876d036ad2fba5a46600bf4652e4"},"/home/coderamos/GITHUB/CASES/case-picpay-frontend/src/components/Button/styles.ts":{"path":"/home/coderamos/GITHUB/CASES/case-picpay-frontend/src/components/Button/styles.ts","statementMap":{"0":{"start":{"line":6,"column":24},"end":{"line":23,"column":1}},"1":{"start":{"line":7,"column":36},"end":{"line":14,"column":3}},"2":{"start":{"line":15,"column":38},"end":{"line":22,"column":3}},"3":{"start":{"line":25,"column":29},"end":{"line":43,"column":1}},"4":{"start":{"line":26,"column":39},"end":{"line":42,"column":3}}},"fnMap":{"0":{"name":"(anonymous_0)","decl":{"start":{"line":7,"column":11},"end":{"line":7,"column":12}},"loc":{"start":{"line":7,"column":36},"end":{"line":14,"column":3}},"line":7},"1":{"name":"(anonymous_1)","decl":{"start":{"line":15,"column":13},"end":{"line":15,"column":14}},"loc":{"start":{"line":15,"column":38},"end":{"line":22,"column":3}},"line":15},"2":{"name":"(anonymous_2)","decl":{"start":{"line":26,"column":4},"end":{"line":26,"column":5}},"loc":{"start":{"line":26,"column":39},"end":{"line":42,"column":3}},"line":26}},"branchMap":{"0":{"loc":{"start":{"line":35,"column":13},"end":{"line":35,"column":41}},"type":"cond-expr","locations":[{"start":{"line":35,"column":25},"end":{"line":35,"column":31}},{"start":{"line":35,"column":34},"end":{"line":35,"column":41}}],"line":35},"1":{"loc":{"start":{"line":41,"column":6},"end":{"line":41,"column":50}},"type":"binary-expr","locations":[{"start":{"line":41,"column":6},"end":{"line":41,"column":15}},{"start":{"line":41,"column":19},"end":{"line":41,"column":50}}],"line":41}},"s":{"0":2,"1":1,"2":0,"3":2,"4":1},"f":{"0":1,"1":0,"2":1},"b":{"0":[0,1],"1":[1,1]},"_coverageSchema":"1a1c01bbd47fc00a2c39e90264f33305004495a9","hash":"86ae54e4f98a7289d95da97ba8306256c114098e"},"/home/coderamos/GITHUB/CASES/case-picpay-frontend/src/components/Button/index.tsx":{"path":"/home/coderamos/GITHUB/CASES/case-picpay-frontend/src/components/Button/index.tsx","statementMap":{"0":{"start":{"line":11,"column":15},"end":{"line":26,"column":1}},"1":{"start":{"line":18,"column":2},"end":{"line":25,"column":20}}},"fnMap":{"0":{"name":"(anonymous_0)","decl":{"start":{"line":11,"column":15},"end":{"line":11,"column":16}},"loc":{"start":{"line":18,"column":2},"end":{"line":25,"column":20}},"line":18}},"branchMap":{"0":{"loc":{"start":{"line":12,"column":2},"end":{"line":12,"column":21}},"type":"default-arg","locations":[{"start":{"line":12,"column":12},"end":{"line":12,"column":21}}],"line":12},"1":{"loc":{"start":{"line":14,"column":2},"end":{"line":14,"column":17}},"type":"default-arg","locations":[{"start":{"line":14,"column":9},"end":{"line":14,"column":17}}],"line":14},"2":{"loc":{"start":{"line":15,"column":2},"end":{"line":15,"column":19}},"type":"default-arg","locations":[{"start":{"line":15,"column":14},"end":{"line":15,"column":19}}],"line":15}},"s":{"0":2,"1":1},"f":{"0":1},"b":{"0":[1],"1":[1],"2":[1]},"_coverageSchema":"1a1c01bbd47fc00a2c39e90264f33305004495a9","hash":"a874e41a196696b36e9d650e18d967fe5bbf901e"},"/home/coderamos/GITHUB/CASES/case-picpay-frontend/src/components/IconBase/styles.ts":{"path":"/home/coderamos/GITHUB/CASES/case-picpay-frontend/src/components/IconBase/styles.ts","statementMap":{"0":{"start":{"line":5,"column":23},"end":{"line":10,"column":1}},"1":{"start":{"line":6,"column":36},"end":{"line":9,"column":3}}},"fnMap":{"0":{"name":"(anonymous_0)","decl":{"start":{"line":6,"column":4},"end":{"line":6,"column":5}},"loc":{"start":{"line":6,"column":36},"end":{"line":9,"column":3}},"line":6}},"branchMap":{"0":{"loc":{"start":{"line":6,"column":14},"end":{"line":6,"column":29}},"type":"default-arg","locations":[{"start":{"line":6,"column":22},"end":{"line":6,"column":29}}],"line":6}},"s":{"0":2,"1":3},"f":{"0":3},"b":{"0":[3]},"_coverageSchema":"1a1c01bbd47fc00a2c39e90264f33305004495a9","hash":"97a3527903c27f1b151614470cf888f3783825e0"},"/home/coderamos/GITHUB/CASES/case-picpay-frontend/src/components/IconBase/index.tsx":{"path":"/home/coderamos/GITHUB/CASES/case-picpay-frontend/src/components/IconBase/index.tsx","statementMap":{"0":{"start":{"line":12,"column":17},"end":{"line":16,"column":1}},"1":{"start":{"line":13,"column":2},"end":{"line":15,"column":14}}},"fnMap":{"0":{"name":"(anonymous_0)","decl":{"start":{"line":12,"column":17},"end":{"line":12,"column":18}},"loc":{"start":{"line":13,"column":2},"end":{"line":15,"column":14}},"line":13}},"branchMap":{},"s":{"0":2,"1":3},"f":{"0":3},"b":{},"_coverageSchema":"1a1c01bbd47fc00a2c39e90264f33305004495a9","hash":"9ba0783d0de319d2babbb86decd6c74091dd1cd6"},"/home/coderamos/GITHUB/CASES/case-picpay-frontend/src/components/InputText/styles.ts":{"path":"/home/coderamos/GITHUB/CASES/case-picpay-frontend/src/components/InputText/styles.ts","statementMap":{"0":{"start":{"line":10,"column":27},"end":{"line":46,"column":1}},"1":{"start":{"line":11,"column":37},"end":{"line":27,"column":3}},"2":{"start":{"line":28,"column":34},"end":{"line":45,"column":3}},"3":{"start":{"line":48,"column":23},"end":{"line":53,"column":1}},"4":{"start":{"line":49,"column":36},"end":{"line":52,"column":3}},"5":{"start":{"line":55,"column":28},"end":{"line":67,"column":1}},"6":{"start":{"line":56,"column":19},"end":{"line":66,"column":3}},"7":{"start":{"line":69,"column":21},"end":{"line":80,"column":1}},"8":{"start":{"line":70,"column":33},"end":{"line":79,"column":3}},"9":{"start":{"line":82,"column":28},"end":{"line":86,"column":1}},"10":{"start":{"line":83,"column":19},"end":{"line":85,"column":3}},"11":{"start":{"line":88,"column":21},"end":{"line":94,"column":1}},"12":{"start":{"line":89,"column":19},"end":{"line":93,"column":3}},"13":{"start":{"line":96,"column":27},"end":{"line":102,"column":1}},"14":{"start":{"line":97,"column":26},"end":{"line":101,"column":3}},"15":{"start":{"line":104,"column":21},"end":{"line":109,"column":1}},"16":{"start":{"line":105,"column":19},"end":{"line":108,"column":3}}},"fnMap":{"0":{"name":"(anonymous_0)","decl":{"start":{"line":11,"column":12},"end":{"line":11,"column":13}},"loc":{"start":{"line":11,"column":37},"end":{"line":27,"column":3}},"line":11},"1":{"name":"(anonymous_1)","decl":{"start":{"line":28,"column":9},"end":{"line":28,"column":10}},"loc":{"start":{"line":28,"column":34},"end":{"line":45,"column":3}},"line":28},"2":{"name":"(anonymous_2)","decl":{"start":{"line":49,"column":4},"end":{"line":49,"column":5}},"loc":{"start":{"line":49,"column":36},"end":{"line":52,"column":3}},"line":49},"3":{"name":"(anonymous_3)","decl":{"start":{"line":56,"column":4},"end":{"line":56,"column":5}},"loc":{"start":{"line":56,"column":19},"end":{"line":66,"column":3}},"line":56},"4":{"name":"(anonymous_4)","decl":{"start":{"line":70,"column":4},"end":{"line":70,"column":5}},"loc":{"start":{"line":70,"column":33},"end":{"line":79,"column":3}},"line":70},"5":{"name":"(anonymous_5)","decl":{"start":{"line":83,"column":4},"end":{"line":83,"column":5}},"loc":{"start":{"line":83,"column":19},"end":{"line":85,"column":3}},"line":83},"6":{"name":"(anonymous_6)","decl":{"start":{"line":89,"column":4},"end":{"line":89,"column":5}},"loc":{"start":{"line":89,"column":19},"end":{"line":93,"column":3}},"line":89},"7":{"name":"(anonymous_7)","decl":{"start":{"line":97,"column":4},"end":{"line":97,"column":5}},"loc":{"start":{"line":97,"column":26},"end":{"line":101,"column":3}},"line":97},"8":{"name":"(anonymous_8)","decl":{"start":{"line":105,"column":4},"end":{"line":105,"column":5}},"loc":{"start":{"line":105,"column":19},"end":{"line":108,"column":3}},"line":105}},"branchMap":{"0":{"loc":{"start":{"line":50,"column":6},"end":{"line":50,"column":52}},"type":"binary-expr","locations":[{"start":{"line":50,"column":6},"end":{"line":50,"column":14}},{"start":{"line":50,"column":18},"end":{"line":50,"column":52}}],"line":50},"1":{"loc":{"start":{"line":51,"column":6},"end":{"line":51,"column":46}},"type":"binary-expr","locations":[{"start":{"line":51,"column":6},"end":{"line":51,"column":11}},{"start":{"line":51,"column":15},"end":{"line":51,"column":46}}],"line":51},"2":{"loc":{"start":{"line":100,"column":13},"end":{"line":100,"column":45}},"type":"cond-expr","locations":[{"start":{"line":100,"column":40},"end":{"line":100,"column":41}},{"start":{"line":100,"column":44},"end":{"line":100,"column":45}}],"line":100}},"s":{"0":2,"1":0,"2":1,"3":2,"4":6,"5":2,"6":6,"7":2,"8":6,"9":2,"10":3,"11":2,"12":3,"13":2,"14":2,"15":2,"16":1},"f":{"0":0,"1":1,"2":6,"3":6,"4":6,"5":3,"6":3,"7":2,"8":1},"b":{"0":[6,0],"1":[6,1],"2":[0,2]},"_coverageSchema":"1a1c01bbd47fc00a2c39e90264f33305004495a9","hash":"1f6daa49bcfc9d6a1db2543b70228c4ecd4980a7"},"/home/coderamos/GITHUB/CASES/case-picpay-frontend/src/components/InputText/index.tsx":{"path":"/home/coderamos/GITHUB/CASES/case-picpay-frontend/src/components/InputText/index.tsx","statementMap":{"0":{"start":{"line":14,"column":18},"end":{"line":54,"column":1}},"1":{"start":{"line":25,"column":2},"end":{"line":53,"column":4}}},"fnMap":{"0":{"name":"(anonymous_0)","decl":{"start":{"line":14,"column":18},"end":{"line":14,"column":19}},"loc":{"start":{"line":24,"column":22},"end":{"line":54,"column":1}},"line":24}},"branchMap":{"0":{"loc":{"start":{"line":15,"column":2},"end":{"line":15,"column":18}},"type":"default-arg","locations":[{"start":{"line":15,"column":13},"end":{"line":15,"column":18}}],"line":15},"1":{"loc":{"start":{"line":18,"column":2},"end":{"line":18,"column":23}},"type":"default-arg","locations":[{"start":{"line":18,"column":17},"end":{"line":18,"column":23}}],"line":18},"2":{"loc":{"start":{"line":31,"column":7},"end":{"line":35,"column":7}},"type":"binary-expr","locations":[{"start":{"line":31,"column":7},"end":{"line":31,"column":14}},{"start":{"line":32,"column":8},"end":{"line":34,"column":25}}],"line":31},"3":{"loc":{"start":{"line":37,"column":9},"end":{"line":39,"column":9}},"type":"binary-expr","locations":[{"start":{"line":37,"column":9},"end":{"line":37,"column":15}},{"start":{"line":38,"column":10},"end":{"line":38,"column":75}}],"line":37},"4":{"loc":{"start":{"line":47,"column":15},"end":{"line":47,"column":40}},"type":"cond-expr","locations":[{"start":{"line":47,"column":23},"end":{"line":47,"column":35}},{"start":{"line":47,"column":38},"end":{"line":47,"column":40}}],"line":47},"5":{"loc":{"start":{"line":51,"column":7},"end":{"line":51,"column":44}},"type":"binary-expr","locations":[{"start":{"line":51,"column":7},"end":{"line":51,"column":14}},{"start":{"line":51,"column":18},"end":{"line":51,"column":44}}],"line":51}},"s":{"0":2,"1":6},"f":{"0":6},"b":{"0":[6],"1":[6],"2":[6,3],"3":[6,2],"4":[3,3],"5":[6,1]},"_coverageSchema":"1a1c01bbd47fc00a2c39e90264f33305004495a9","hash":"2de8ca62ece1f23bb48b3a07b402f4137707ecc3"},"/home/coderamos/GITHUB/CASES/case-picpay-frontend/src/components/Logo/styles.ts":{"path":"/home/coderamos/GITHUB/CASES/case-picpay-frontend/src/components/Logo/styles.ts","statementMap":{"0":{"start":{"line":5,"column":23},"end":{"line":10,"column":1}},"1":{"start":{"line":6,"column":26},"end":{"line":9,"column":3}}},"fnMap":{"0":{"name":"(anonymous_0)","decl":{"start":{"line":6,"column":4},"end":{"line":6,"column":5}},"loc":{"start":{"line":6,"column":26},"end":{"line":9,"column":3}},"line":6}},"branchMap":{},"s":{"0":2,"1":2},"f":{"0":2},"b":{},"_coverageSchema":"1a1c01bbd47fc00a2c39e90264f33305004495a9","hash":"91d6ec809a1694f3534bf953720defd8a4b93583"},"/home/coderamos/GITHUB/CASES/case-picpay-frontend/src/components/Logo/index.tsx":{"path":"/home/coderamos/GITHUB/CASES/case-picpay-frontend/src/components/Logo/index.tsx","statementMap":{"0":{"start":{"line":9,"column":13},"end":{"line":24,"column":1}},"1":{"start":{"line":10,"column":2},"end":{"line":23,"column":14}}},"fnMap":{"0":{"name":"(anonymous_0)","decl":{"start":{"line":9,"column":13},"end":{"line":9,"column":14}},"loc":{"start":{"line":10,"column":2},"end":{"line":23,"column":14}},"line":10}},"branchMap":{},"s":{"0":2,"1":2},"f":{"0":2},"b":{},"_coverageSchema":"1a1c01bbd47fc00a2c39e90264f33305004495a9","hash":"edefa48bca5a159a0248b13ad5a8e945c9d58ece"},"/home/coderamos/GITHUB/CASES/case-picpay-frontend/src/components/FormLogin/styles.ts":{"path":"/home/coderamos/GITHUB/CASES/case-picpay-frontend/src/components/FormLogin/styles.ts","statementMap":{"0":{"start":{"line":3,"column":23},"end":{"line":6,"column":1}},"1":{"start":{"line":8,"column":28},"end":{"line":14,"column":1}},"2":{"start":{"line":9,"column":19},"end":{"line":13,"column":3}},"3":{"start":{"line":16,"column":29},"end":{"line":16,"column":41}}},"fnMap":{"0":{"name":"(anonymous_0)","decl":{"start":{"line":9,"column":4},"end":{"line":9,"column":5}},"loc":{"start":{"line":9,"column":19},"end":{"line":13,"column":3}},"line":9}},"branchMap":{},"s":{"0":1,"1":1,"2":0,"3":1},"f":{"0":0},"b":{},"_coverageSchema":"1a1c01bbd47fc00a2c39e90264f33305004495a9","hash":"1477e4057c9932aa7a96b5f06e6bcfba2e44e41b"},"/home/coderamos/GITHUB/CASES/case-picpay-frontend/src/components/FormLogin/index.tsx":{"path":"/home/coderamos/GITHUB/CASES/case-picpay-frontend/src/components/FormLogin/index.tsx","statementMap":{"0":{"start":{"line":18,"column":18},"end":{"line":56,"column":1}},"1":{"start":{"line":19,"column":23},"end":{"line":22,"column":3}},"2":{"start":{"line":20,"column":4},"end":{"line":20,"column":27}},"3":{"start":{"line":21,"column":4},"end":{"line":21,"column":20}},"4":{"start":{"line":23,"column":2},"end":{"line":55,"column":4}},"5":{"start":{"line":26,"column":27},"end":{"line":26,"column":46}},"6":{"start":{"line":36,"column":31},"end":{"line":36,"column":64}},"7":{"start":{"line":46,"column":31},"end":{"line":46,"column":67}}},"fnMap":{"0":{"name":"(anonymous_0)","decl":{"start":{"line":18,"column":18},"end":{"line":18,"column":19}},"loc":{"start":{"line":18,"column":58},"end":{"line":56,"column":1}},"line":18},"1":{"name":"(anonymous_1)","decl":{"start":{"line":19,"column":23},"end":{"line":19,"column":24}},"loc":{"start":{"line":19,"column":68},"end":{"line":22,"column":3}},"line":19},"2":{"name":"(anonymous_2)","decl":{"start":{"line":26,"column":16},"end":{"line":26,"column":17}},"loc":{"start":{"line":26,"column":27},"end":{"line":26,"column":46}},"line":26},"3":{"name":"(anonymous_3)","decl":{"start":{"line":36,"column":20},"end":{"line":36,"column":21}},"loc":{"start":{"line":36,"column":31},"end":{"line":36,"column":64}},"line":36},"4":{"name":"(anonymous_4)","decl":{"start":{"line":46,"column":20},"end":{"line":46,"column":21}},"loc":{"start":{"line":46,"column":31},"end":{"line":46,"column":67}},"line":46}},"branchMap":{},"s":{"0":1,"1":0,"2":0,"3":0,"4":0,"5":0,"6":0,"7":0},"f":{"0":0,"1":0,"2":0,"3":0,"4":0},"b":{},"_coverageSchema":"1a1c01bbd47fc00a2c39e90264f33305004495a9","hash":"f5018def1167c0bf9559582e97912ddf08a6ee59"},"/home/coderamos/GITHUB/CASES/case-picpay-frontend/src/components/InputPassword/index.tsx":{"path":"/home/coderamos/GITHUB/CASES/case-picpay-frontend/src/components/InputPassword/index.tsx","statementMap":{"0":{"start":{"line":6,"column":22},"end":{"line":31,"column":1}},"1":{"start":{"line":17,"column":2},"end":{"line":30,"column":4}}},"fnMap":{"0":{"name":"(anonymous_0)","decl":{"start":{"line":6,"column":22},"end":{"line":6,"column":23}},"loc":{"start":{"line":16,"column":26},"end":{"line":31,"column":1}},"line":16}},"branchMap":{"0":{"loc":{"start":{"line":7,"column":2},"end":{"line":7,"column":18}},"type":"default-arg","locations":[{"start":{"line":7,"column":13},"end":{"line":7,"column":18}}],"line":7},"1":{"loc":{"start":{"line":10,"column":2},"end":{"line":10,"column":23}},"type":"default-arg","locations":[{"start":{"line":10,"column":17},"end":{"line":10,"column":23}}],"line":10}},"s":{"0":1,"1":0},"f":{"0":0},"b":{"0":[0],"1":[0]},"_coverageSchema":"1a1c01bbd47fc00a2c39e90264f33305004495a9","hash":"8c05b243403d6a0be19faea1983913599fe6953d"},"/home/coderamos/GITHUB/CASES/case-picpay-frontend/src/components/Icon/index.tsx":{"path":"/home/coderamos/GITHUB/CASES/case-picpay-frontend/src/components/Icon/index.tsx","statementMap":{"0":{"start":{"line":12,"column":26},"end":{"line":18,"column":1}},"1":{"start":{"line":24,"column":13},"end":{"line":27,"column":1}},"2":{"start":{"line":25,"column":18},"end":{"line":25,"column":29}},"3":{"start":{"line":26,"column":2},"end":{"line":26,"column":63}}},"fnMap":{"0":{"name":"(anonymous_0)","decl":{"start":{"line":24,"column":13},"end":{"line":24,"column":14}},"loc":{"start":{"line":24,"column":45},"end":{"line":27,"column":1}},"line":24}},"branchMap":{},"s":{"0":1,"1":1,"2":0,"3":0},"f":{"0":0},"b":{},"_coverageSchema":"1a1c01bbd47fc00a2c39e90264f33305004495a9","hash":"dafbf5c5b51f3c07d7d0fc6a9703062f249e4d5c"},"/home/coderamos/GITHUB/CASES/case-picpay-frontend/src/components/index.ts":{"path":"/home/coderamos/GITHUB/CASES/case-picpay-frontend/src/components/index.ts","statementMap":{},"fnMap":{},"branchMap":{},"s":{},"f":{},"b":{},"_coverageSchema":"1a1c01bbd47fc00a2c39e90264f33305004495a9","hash":"a3545c5918ed1ac5fbd438a9b921f7a729c3ca1d"},"/home/coderamos/GITHUB/CASES/case-picpay-frontend/src/components/Menu/styles.ts":{"path":"/home/coderamos/GITHUB/CASES/case-picpay-frontend/src/components/Menu/styles.ts","statementMap":{"0":{"start":{"line":3,"column":23},"end":{"line":9,"column":1}},"1":{"start":{"line":4,"column":19},"end":{"line":8,"column":3}},"2":{"start":{"line":11,"column":30},"end":{"line":14,"column":1}},"3":{"start":{"line":16,"column":27},"end":{"line":19,"column":1}},"4":{"start":{"line":21,"column":35},"end":{"line":23,"column":1}},"5":{"start":{"line":25,"column":35},"end":{"line":29,"column":1}},"6":{"start":{"line":31,"column":31},"end":{"line":37,"column":1}},"7":{"start":{"line":32,"column":19},"end":{"line":36,"column":3}},"8":{"start":{"line":39,"column":24},"end":{"line":39,"column":37}},"9":{"start":{"line":41,"column":25},"end":{"line":41,"column":38}}},"fnMap":{"0":{"name":"(anonymous_0)","decl":{"start":{"line":4,"column":4},"end":{"line":4,"column":5}},"loc":{"start":{"line":4,"column":19},"end":{"line":8,"column":3}},"line":4},"1":{"name":"(anonymous_1)","decl":{"start":{"line":32,"column":4},"end":{"line":32,"column":5}},"loc":{"start":{"line":32,"column":19},"end":{"line":36,"column":3}},"line":32}},"branchMap":{},"s":{"0":1,"1":1,"2":1,"3":1,"4":1,"5":1,"6":1,"7":1,"8":1,"9":1},"f":{"0":1,"1":1},"b":{},"_coverageSchema":"1a1c01bbd47fc00a2c39e90264f33305004495a9","hash":"c5a5bfc18987cc45a7ad25d77fddaa52b2d73737"},"/home/coderamos/GITHUB/CASES/case-picpay-frontend/src/components/Menu/index.tsx":{"path":"/home/coderamos/GITHUB/CASES/case-picpay-frontend/src/components/Menu/index.tsx","statementMap":{"0":{"start":{"line":17,"column":13},"end":{"line":57,"column":1}},"1":{"start":{"line":18,"column":2},"end":{"line":56,"column":14}},"2":{"start":{"line":26,"column":48},"end":{"line":26,"column":58}}},"fnMap":{"0":{"name":"(anonymous_0)","decl":{"start":{"line":17,"column":13},"end":{"line":17,"column":14}},"loc":{"start":{"line":18,"column":2},"end":{"line":56,"column":14}},"line":18},"1":{"name":"(anonymous_1)","decl":{"start":{"line":26,"column":42},"end":{"line":26,"column":43}},"loc":{"start":{"line":26,"column":48},"end":{"line":26,"column":58}},"line":26}},"branchMap":{"0":{"loc":{"start":{"line":31,"column":15},"end":{"line":37,"column":15}},"type":"binary-expr","locations":[{"start":{"line":31,"column":15},"end":{"line":31,"column":19}},{"start":{"line":31,"column":23},"end":{"line":31,"column":32}},{"start":{"line":32,"column":16},"end":{"line":36,"column":29}}],"line":31},"1":{"loc":{"start":{"line":38,"column":15},"end":{"line":50,"column":15}},"type":"binary-expr","locations":[{"start":{"line":38,"column":15},"end":{"line":38,"column":19}},{"start":{"line":38,"column":23},"end":{"line":38,"column":33}},{"start":{"line":39,"column":16},"end":{"line":49,"column":30}}],"line":38}},"s":{"0":1,"1":1,"2":0},"f":{"0":1,"1":0},"b":{"0":[1,0,0],"1":[1,0,0]},"_coverageSchema":"1a1c01bbd47fc00a2c39e90264f33305004495a9","hash":"bb9e21b78632fe14ca34083722cddf6c9933e606"},"/home/coderamos/GITHUB/CASES/case-picpay-frontend/src/components/MediaMatch/styles.ts":{"path":"/home/coderamos/GITHUB/CASES/case-picpay-frontend/src/components/MediaMatch/styles.ts","statementMap":{"0":{"start":{"line":3,"column":23},"end":{"line":5,"column":1}},"1":{"start":{"line":4,"column":10},"end":{"line":4,"column":15}}},"fnMap":{"0":{"name":"(anonymous_0)","decl":{"start":{"line":4,"column":4},"end":{"line":4,"column":5}},"loc":{"start":{"line":4,"column":10},"end":{"line":4,"column":15}},"line":4}},"branchMap":{},"s":{"0":0,"1":0},"f":{"0":0},"b":{}},"/home/coderamos/GITHUB/CASES/case-picpay-frontend/src/components/Text/styles.ts":{"path":"/home/coderamos/GITHUB/CASES/case-picpay-frontend/src/components/Text/styles.ts","statementMap":{"0":{"start":{"line":3,"column":23},"end":{"line":5,"column":1}},"1":{"start":{"line":4,"column":10},"end":{"line":4,"column":15}}},"fnMap":{"0":{"name":"(anonymous_0)","decl":{"start":{"line":4,"column":4},"end":{"line":4,"column":5}},"loc":{"start":{"line":4,"column":10},"end":{"line":4,"column":15}},"line":4}},"branchMap":{},"s":{"0":0,"1":0},"f":{"0":0},"b":{}}}}