{"numFailedTestSuites":0,"numFailedTests":0,"numPassedTestSuites":2,"numPassedTests":3,"numPendingTestSuites":0,"numPendingTests":0,"numRuntimeErrorTestSuites":0,"numTodoTests":0,"numTotalTestSuites":2,"numTotalTests":3,"openHandles":[],"snapshot":{"added":0,"didUpdate":false,"failure":false,"filesAdded":0,"filesRemoved":0,"filesRemovedList":[],"filesUnmatched":0,"filesUpdated":0,"matched":1,"total":1,"unchecked":0,"uncheckedKeysByFile":[],"unmatched":0,"updated":0},"startTime":1648267335410,"success":true,"testResults":[{"assertionResults":[{"ancestorTitles":["<MediaMatch />"],"failureMessages":[],"fullName":"<MediaMatch /> should be hidden of no media query is passed","location":null,"status":"passed","title":"should be hidden of no media query is passed"},{"ancestorTitles":["<MediaMatch />"],"failureMessages":[],"fullName":"<MediaMatch /> should show or hide based on media props","location":null,"status":"passed","title":"should show or hide based on media props"}],"endTime":1648267336957,"message":"","name":"/home/coderamos/GITHUB/CASES/case-picpay-frontend/src/components/MediaMatch/test.tsx","startTime":1648267335948,"status":"passed","summary":""},{"assertionResults":[{"ancestorTitles":["<Container />"],"failureMessages":[],"fullName":"<Container /> should render the heading","location":null,"status":"passed","title":"should render the heading"}],"endTime":1648267336962,"message":"","name":"/home/coderamos/GITHUB/CASES/case-picpay-frontend/src/components/Container/test.tsx","startTime":1648267335944,"status":"passed","summary":""}],"wasInterrupted":false,"coverageMap":{"/home/coderamos/GITHUB/CASES/case-picpay-frontend/src/components/MediaMatch/index.tsx":{"path":"/home/coderamos/GITHUB/CASES/case-picpay-frontend/src/components/MediaMatch/index.tsx","statementMap":{"0":{"start":{"line":11,"column":28},"end":{"line":18,"column":1}},"1":{"start":{"line":12,"column":34},"end":{"line":14,"column":3}},"2":{"start":{"line":15,"column":37},"end":{"line":17,"column":3}},"3":{"start":{"line":21,"column":35},"end":{"line":25,"column":3}}},"fnMap":{"0":{"name":"(anonymous_0)","decl":{"start":{"line":12,"column":12},"end":{"line":12,"column":13}},"loc":{"start":{"line":12,"column":34},"end":{"line":14,"column":3}},"line":12},"1":{"name":"(anonymous_1)","decl":{"start":{"line":15,"column":15},"end":{"line":15,"column":16}},"loc":{"start":{"line":15,"column":37},"end":{"line":17,"column":3}},"line":15},"2":{"name":"(anonymous_2)","decl":{"start":{"line":21,"column":4},"end":{"line":21,"column":5}},"loc":{"start":{"line":21,"column":35},"end":{"line":25,"column":3}},"line":21}},"branchMap":{"0":{"loc":{"start":{"line":23,"column":6},"end":{"line":23,"column":58}},"type":"binary-expr","locations":[{"start":{"line":23,"column":6},"end":{"line":23,"column":16}},{"start":{"line":23,"column":20},"end":{"line":23,"column":58}}],"line":23},"1":{"loc":{"start":{"line":24,"column":6},"end":{"line":24,"column":67}},"type":"binary-expr","locations":[{"start":{"line":24,"column":6},"end":{"line":24,"column":19}},{"start":{"line":24,"column":23},"end":{"line":24,"column":67}}],"line":24}},"s":{"0":1,"1":2,"2":2,"3":4},"f":{"0":2,"1":2,"2":4},"b":{"0":[4,2],"1":[4,2]},"_coverageSchema":"1a1c01bbd47fc00a2c39e90264f33305004495a9","hash":"979453810bb0e6c7f9395e9fc301deb9348ab119"},"/home/coderamos/GITHUB/CASES/case-picpay-frontend/src/components/Container/index.tsx":{"path":"/home/coderamos/GITHUB/CASES/case-picpay-frontend/src/components/Container/index.tsx","statementMap":{"0":{"start":{"line":4,"column":18},"end":{"line":25,"column":1}},"1":{"start":{"line":5,"column":19},"end":{"line":24,"column":3}}},"fnMap":{"0":{"name":"(anonymous_0)","decl":{"start":{"line":5,"column":4},"end":{"line":5,"column":5}},"loc":{"start":{"line":5,"column":19},"end":{"line":24,"column":3}},"line":5}},"branchMap":{},"s":{"0":1,"1":1},"f":{"0":1},"b":{},"_coverageSchema":"1a1c01bbd47fc00a2c39e90264f33305004495a9","hash":"d0218cfb3819105bc05ed55af340ab6997eb8369"},"/home/coderamos/GITHUB/CASES/case-picpay-frontend/src/components/Form/FormLogin/styles.ts":{"path":"/home/coderamos/GITHUB/CASES/case-picpay-frontend/src/components/Form/FormLogin/styles.ts","statementMap":{"0":{"start":{"line":3,"column":23},"end":{"line":8,"column":1}},"1":{"start":{"line":4,"column":10},"end":{"line":7,"column":3}},"2":{"start":{"line":10,"column":35},"end":{"line":15,"column":1}},"3":{"start":{"line":11,"column":19},"end":{"line":14,"column":3}},"4":{"start":{"line":17,"column":28},"end":{"line":22,"column":1}},"5":{"start":{"line":18,"column":19},"end":{"line":21,"column":3}}},"fnMap":{"0":{"name":"(anonymous_0)","decl":{"start":{"line":4,"column":4},"end":{"line":4,"column":5}},"loc":{"start":{"line":4,"column":10},"end":{"line":7,"column":3}},"line":4},"1":{"name":"(anonymous_1)","decl":{"start":{"line":11,"column":4},"end":{"line":11,"column":5}},"loc":{"start":{"line":11,"column":19},"end":{"line":14,"column":3}},"line":11},"2":{"name":"(anonymous_2)","decl":{"start":{"line":18,"column":4},"end":{"line":18,"column":5}},"loc":{"start":{"line":18,"column":19},"end":{"line":21,"column":3}},"line":18}},"branchMap":{},"s":{"0":0,"1":0,"2":0,"3":0,"4":0,"5":0},"f":{"0":0,"1":0,"2":0},"b":{}},"/home/coderamos/GITHUB/CASES/case-picpay-frontend/src/components/IconBase/styles.ts":{"path":"/home/coderamos/GITHUB/CASES/case-picpay-frontend/src/components/IconBase/styles.ts","statementMap":{"0":{"start":{"line":5,"column":23},"end":{"line":10,"column":1}},"1":{"start":{"line":6,"column":36},"end":{"line":9,"column":3}}},"fnMap":{"0":{"name":"(anonymous_0)","decl":{"start":{"line":6,"column":4},"end":{"line":6,"column":5}},"loc":{"start":{"line":6,"column":36},"end":{"line":9,"column":3}},"line":6}},"branchMap":{"0":{"loc":{"start":{"line":6,"column":14},"end":{"line":6,"column":29}},"type":"default-arg","locations":[{"start":{"line":6,"column":22},"end":{"line":6,"column":29}}],"line":6}},"s":{"0":0,"1":0},"f":{"0":0},"b":{"0":[0]}},"/home/coderamos/GITHUB/CASES/case-picpay-frontend/src/components/IconBase/index.tsx":{"path":"/home/coderamos/GITHUB/CASES/case-picpay-frontend/src/components/IconBase/index.tsx","statementMap":{"0":{"start":{"line":12,"column":17},"end":{"line":16,"column":1}},"1":{"start":{"line":13,"column":2},"end":{"line":15,"column":14}}},"fnMap":{"0":{"name":"(anonymous_0)","decl":{"start":{"line":12,"column":17},"end":{"line":12,"column":18}},"loc":{"start":{"line":13,"column":2},"end":{"line":15,"column":14}},"line":13}},"branchMap":{},"s":{"0":0,"1":0},"f":{"0":0},"b":{}},"/home/coderamos/GITHUB/CASES/case-picpay-frontend/src/components/Form/index.tsx":{"path":"/home/coderamos/GITHUB/CASES/case-picpay-frontend/src/components/Form/index.tsx","statementMap":{"0":{"start":{"line":6,"column":13},"end":{"line":11,"column":1}}},"fnMap":{},"branchMap":{},"s":{"0":0},"f":{},"b":{}},"/home/coderamos/GITHUB/CASES/case-picpay-frontend/src/components/Form/FormDelete/styles.ts":{"path":"/home/coderamos/GITHUB/CASES/case-picpay-frontend/src/components/Form/FormDelete/styles.ts","statementMap":{"0":{"start":{"line":3,"column":23},"end":{"line":5,"column":1}},"1":{"start":{"line":4,"column":10},"end":{"line":4,"column":15}},"2":{"start":{"line":7,"column":30},"end":{"line":11,"column":1}},"3":{"start":{"line":8,"column":10},"end":{"line":10,"column":3}},"4":{"start":{"line":13,"column":30},"end":{"line":15,"column":1}},"5":{"start":{"line":14,"column":10},"end":{"line":14,"column":15}},"6":{"start":{"line":17,"column":34},"end":{"line":21,"column":1}},"7":{"start":{"line":18,"column":19},"end":{"line":20,"column":3}},"8":{"start":{"line":23,"column":32},"end":{"line":25,"column":1}},"9":{"start":{"line":24,"column":10},"end":{"line":24,"column":15}},"10":{"start":{"line":27,"column":30},"end":{"line":38,"column":1}},"11":{"start":{"line":28,"column":19},"end":{"line":37,"column":3}}},"fnMap":{"0":{"name":"(anonymous_0)","decl":{"start":{"line":4,"column":4},"end":{"line":4,"column":5}},"loc":{"start":{"line":4,"column":10},"end":{"line":4,"column":15}},"line":4},"1":{"name":"(anonymous_1)","decl":{"start":{"line":8,"column":4},"end":{"line":8,"column":5}},"loc":{"start":{"line":8,"column":10},"end":{"line":10,"column":3}},"line":8},"2":{"name":"(anonymous_2)","decl":{"start":{"line":14,"column":4},"end":{"line":14,"column":5}},"loc":{"start":{"line":14,"column":10},"end":{"line":14,"column":15}},"line":14},"3":{"name":"(anonymous_3)","decl":{"start":{"line":18,"column":4},"end":{"line":18,"column":5}},"loc":{"start":{"line":18,"column":19},"end":{"line":20,"column":3}},"line":18},"4":{"name":"(anonymous_4)","decl":{"start":{"line":24,"column":4},"end":{"line":24,"column":5}},"loc":{"start":{"line":24,"column":10},"end":{"line":24,"column":15}},"line":24},"5":{"name":"(anonymous_5)","decl":{"start":{"line":28,"column":4},"end":{"line":28,"column":5}},"loc":{"start":{"line":28,"column":19},"end":{"line":37,"column":3}},"line":28}},"branchMap":{},"s":{"0":0,"1":0,"2":0,"3":0,"4":0,"5":0,"6":0,"7":0,"8":0,"9":0,"10":0,"11":0},"f":{"0":0,"1":0,"2":0,"3":0,"4":0,"5":0},"b":{}},"/home/coderamos/GITHUB/CASES/case-picpay-frontend/src/components/Form/FormAdd/styles.ts":{"path":"/home/coderamos/GITHUB/CASES/case-picpay-frontend/src/components/Form/FormAdd/styles.ts","statementMap":{"0":{"start":{"line":4,"column":23},"end":{"line":10,"column":1}},"1":{"start":{"line":5,"column":19},"end":{"line":9,"column":3}},"2":{"start":{"line":12,"column":23},"end":{"line":14,"column":1}},"3":{"start":{"line":16,"column":26},"end":{"line":18,"column":1}},"4":{"start":{"line":20,"column":35},"end":{"line":26,"column":1}},"5":{"start":{"line":21,"column":19},"end":{"line":25,"column":3}},"6":{"start":{"line":28,"column":28},"end":{"line":33,"column":1}},"7":{"start":{"line":29,"column":19},"end":{"line":32,"column":3}},"8":{"start":{"line":35,"column":30},"end":{"line":46,"column":1}},"9":{"start":{"line":36,"column":19},"end":{"line":45,"column":3}}},"fnMap":{"0":{"name":"(anonymous_0)","decl":{"start":{"line":5,"column":4},"end":{"line":5,"column":5}},"loc":{"start":{"line":5,"column":19},"end":{"line":9,"column":3}},"line":5},"1":{"name":"(anonymous_1)","decl":{"start":{"line":21,"column":4},"end":{"line":21,"column":5}},"loc":{"start":{"line":21,"column":19},"end":{"line":25,"column":3}},"line":21},"2":{"name":"(anonymous_2)","decl":{"start":{"line":29,"column":4},"end":{"line":29,"column":5}},"loc":{"start":{"line":29,"column":19},"end":{"line":32,"column":3}},"line":29},"3":{"name":"(anonymous_3)","decl":{"start":{"line":36,"column":4},"end":{"line":36,"column":5}},"loc":{"start":{"line":36,"column":19},"end":{"line":45,"column":3}},"line":36}},"branchMap":{},"s":{"0":0,"1":0,"2":0,"3":0,"4":0,"5":0,"6":0,"7":0,"8":0,"9":0},"f":{"0":0,"1":0,"2":0,"3":0},"b":{}},"/home/coderamos/GITHUB/CASES/case-picpay-frontend/src/components/Form/FormDelete/index.tsx":{"path":"/home/coderamos/GITHUB/CASES/case-picpay-frontend/src/components/Form/FormDelete/index.tsx","statementMap":{"0":{"start":{"line":20,"column":2},"end":{"line":76,"column":4}},"1":{"start":{"line":70,"column":25},"end":{"line":70,"column":35}}},"fnMap":{"0":{"name":"FormDelete","decl":{"start":{"line":15,"column":24},"end":{"line":15,"column":34}},"loc":{"start":{"line":19,"column":20},"end":{"line":77,"column":1}},"line":19},"1":{"name":"(anonymous_1)","decl":{"start":{"line":70,"column":19},"end":{"line":70,"column":20}},"loc":{"start":{"line":70,"column":25},"end":{"line":70,"column":35}},"line":70}},"branchMap":{},"s":{"0":0,"1":0},"f":{"0":0,"1":0},"b":{}},"/home/coderamos/GITHUB/CASES/case-picpay-frontend/src/components/Form/FormEdit/styles.ts":{"path":"/home/coderamos/GITHUB/CASES/case-picpay-frontend/src/components/Form/FormEdit/styles.ts","statementMap":{"0":{"start":{"line":4,"column":23},"end":{"line":10,"column":1}},"1":{"start":{"line":5,"column":19},"end":{"line":9,"column":3}},"2":{"start":{"line":12,"column":23},"end":{"line":14,"column":1}},"3":{"start":{"line":16,"column":26},"end":{"line":18,"column":1}},"4":{"start":{"line":20,"column":35},"end":{"line":26,"column":1}},"5":{"start":{"line":21,"column":19},"end":{"line":25,"column":3}},"6":{"start":{"line":28,"column":28},"end":{"line":33,"column":1}},"7":{"start":{"line":29,"column":19},"end":{"line":32,"column":3}},"8":{"start":{"line":35,"column":30},"end":{"line":46,"column":1}},"9":{"start":{"line":36,"column":19},"end":{"line":45,"column":3}}},"fnMap":{"0":{"name":"(anonymous_0)","decl":{"start":{"line":5,"column":4},"end":{"line":5,"column":5}},"loc":{"start":{"line":5,"column":19},"end":{"line":9,"column":3}},"line":5},"1":{"name":"(anonymous_1)","decl":{"start":{"line":21,"column":4},"end":{"line":21,"column":5}},"loc":{"start":{"line":21,"column":19},"end":{"line":25,"column":3}},"line":21},"2":{"name":"(anonymous_2)","decl":{"start":{"line":29,"column":4},"end":{"line":29,"column":5}},"loc":{"start":{"line":29,"column":19},"end":{"line":32,"column":3}},"line":29},"3":{"name":"(anonymous_3)","decl":{"start":{"line":36,"column":4},"end":{"line":36,"column":5}},"loc":{"start":{"line":36,"column":19},"end":{"line":45,"column":3}},"line":36}},"branchMap":{},"s":{"0":0,"1":0,"2":0,"3":0,"4":0,"5":0,"6":0,"7":0,"8":0,"9":0},"f":{"0":0,"1":0,"2":0,"3":0},"b":{}},"/home/coderamos/GITHUB/CASES/case-picpay-frontend/src/components/Form/FormLogin/index.tsx":{"path":"/home/coderamos/GITHUB/CASES/case-picpay-frontend/src/components/Form/FormLogin/index.tsx","statementMap":{"0":{"start":{"line":24,"column":6},"end":{"line":26,"column":4}},"1":{"start":{"line":28,"column":50},"end":{"line":30,"column":3}},"2":{"start":{"line":29,"column":4},"end":{"line":29,"column":23}},"3":{"start":{"line":31,"column":2},"end":{"line":62,"column":4}}},"fnMap":{"0":{"name":"FormLogin","decl":{"start":{"line":19,"column":24},"end":{"line":19,"column":33}},"loc":{"start":{"line":19,"column":64},"end":{"line":63,"column":1}},"line":19},"1":{"name":"(anonymous_1)","decl":{"start":{"line":28,"column":50},"end":{"line":28,"column":51}},"loc":{"start":{"line":28,"column":64},"end":{"line":30,"column":3}},"line":28}},"branchMap":{"0":{"loc":{"start":{"line":43,"column":9},"end":{"line":45,"column":9}},"type":"binary-expr","locations":[{"start":{"line":43,"column":9},"end":{"line":43,"column":21}},{"start":{"line":44,"column":10},"end":{"line":44,"column":65}}],"line":43},"1":{"loc":{"start":{"line":54,"column":9},"end":{"line":56,"column":9}},"type":"binary-expr","locations":[{"start":{"line":54,"column":9},"end":{"line":54,"column":24}},{"start":{"line":55,"column":10},"end":{"line":55,"column":68}}],"line":54}},"s":{"0":0,"1":0,"2":0,"3":0},"f":{"0":0,"1":0},"b":{"0":[0,0],"1":[0,0]}},"/home/coderamos/GITHUB/CASES/case-picpay-frontend/src/components/Text/styles.ts":{"path":"/home/coderamos/GITHUB/CASES/case-picpay-frontend/src/components/Text/styles.ts","statementMap":{"0":{"start":{"line":3,"column":23},"end":{"line":5,"column":1}},"1":{"start":{"line":4,"column":10},"end":{"line":4,"column":15}}},"fnMap":{"0":{"name":"(anonymous_0)","decl":{"start":{"line":4,"column":4},"end":{"line":4,"column":5}},"loc":{"start":{"line":4,"column":10},"end":{"line":4,"column":15}},"line":4}},"branchMap":{},"s":{"0":0,"1":0},"f":{"0":0},"b":{}},"/home/coderamos/GITHUB/CASES/case-picpay-frontend/src/components/Field/index.tsx":{"path":"/home/coderamos/GITHUB/CASES/case-picpay-frontend/src/components/Field/index.tsx","statementMap":{"0":{"start":{"line":3,"column":14},"end":{"line":5,"column":1}}},"fnMap":{},"branchMap":{},"s":{"0":0},"f":{},"b":{}},"/home/coderamos/GITHUB/CASES/case-picpay-frontend/src/components/Field/FieldText/styles.ts":{"path":"/home/coderamos/GITHUB/CASES/case-picpay-frontend/src/components/Field/FieldText/styles.ts","statementMap":{"0":{"start":{"line":7,"column":23},"end":{"line":9,"column":1}},"1":{"start":{"line":8,"column":10},"end":{"line":8,"column":15}},"2":{"start":{"line":11,"column":28},"end":{"line":11,"column":40}},"3":{"start":{"line":13,"column":21},"end":{"line":19,"column":1}},"4":{"start":{"line":14,"column":19},"end":{"line":18,"column":3}},"5":{"start":{"line":21,"column":32},"end":{"line":33,"column":1}},"6":{"start":{"line":22,"column":19},"end":{"line":32,"column":3}},"7":{"start":{"line":35,"column":25},"end":{"line":47,"column":1}},"8":{"start":{"line":36,"column":33},"end":{"line":46,"column":3}},"9":{"start":{"line":49,"column":27},"end":{"line":55,"column":1}},"10":{"start":{"line":50,"column":26},"end":{"line":54,"column":3}}},"fnMap":{"0":{"name":"(anonymous_0)","decl":{"start":{"line":8,"column":4},"end":{"line":8,"column":5}},"loc":{"start":{"line":8,"column":10},"end":{"line":8,"column":15}},"line":8},"1":{"name":"(anonymous_1)","decl":{"start":{"line":14,"column":4},"end":{"line":14,"column":5}},"loc":{"start":{"line":14,"column":19},"end":{"line":18,"column":3}},"line":14},"2":{"name":"(anonymous_2)","decl":{"start":{"line":22,"column":4},"end":{"line":22,"column":5}},"loc":{"start":{"line":22,"column":19},"end":{"line":32,"column":3}},"line":22},"3":{"name":"(anonymous_3)","decl":{"start":{"line":36,"column":4},"end":{"line":36,"column":5}},"loc":{"start":{"line":36,"column":33},"end":{"line":46,"column":3}},"line":36},"4":{"name":"(anonymous_4)","decl":{"start":{"line":50,"column":4},"end":{"line":50,"column":5}},"loc":{"start":{"line":50,"column":26},"end":{"line":54,"column":3}},"line":50}},"branchMap":{"0":{"loc":{"start":{"line":53,"column":13},"end":{"line":53,"column":45}},"type":"cond-expr","locations":[{"start":{"line":53,"column":40},"end":{"line":53,"column":41}},{"start":{"line":53,"column":44},"end":{"line":53,"column":45}}],"line":53}},"s":{"0":0,"1":0,"2":0,"3":0,"4":0,"5":0,"6":0,"7":0,"8":0,"9":0,"10":0},"f":{"0":0,"1":0,"2":0,"3":0,"4":0},"b":{"0":[0,0]}},"/home/coderamos/GITHUB/CASES/case-picpay-frontend/src/components/Text/index.tsx":{"path":"/home/coderamos/GITHUB/CASES/case-picpay-frontend/src/components/Text/index.tsx","statementMap":{"0":{"start":{"line":21,"column":13},"end":{"line":44,"column":1}},"1":{"start":{"line":30,"column":18},"end":{"line":30,"column":22}},"2":{"start":{"line":32,"column":2},"end":{"line":43,"column":4}}},"fnMap":{"0":{"name":"(anonymous_0)","decl":{"start":{"line":21,"column":13},"end":{"line":21,"column":14}},"loc":{"start":{"line":29,"column":17},"end":{"line":44,"column":1}},"line":29}},"branchMap":{"0":{"loc":{"start":{"line":23,"column":2},"end":{"line":23,"column":17}},"type":"default-arg","locations":[{"start":{"line":23,"column":10},"end":{"line":23,"column":17}}],"line":23},"1":{"loc":{"start":{"line":24,"column":2},"end":{"line":24,"column":21}},"type":"default-arg","locations":[{"start":{"line":24,"column":16},"end":{"line":24,"column":21}}],"line":24},"2":{"loc":{"start":{"line":25,"column":2},"end":{"line":25,"column":18}},"type":"default-arg","locations":[{"start":{"line":25,"column":12},"end":{"line":25,"column":18}}],"line":25},"3":{"loc":{"start":{"line":26,"column":2},"end":{"line":26,"column":18}},"type":"default-arg","locations":[{"start":{"line":26,"column":9},"end":{"line":26,"column":18}}],"line":26},"4":{"loc":{"start":{"line":27,"column":2},"end":{"line":27,"column":12}},"type":"default-arg","locations":[{"start":{"line":27,"column":9},"end":{"line":27,"column":12}}],"line":27},"5":{"loc":{"start":{"line":28,"column":2},"end":{"line":28,"column":20}},"type":"default-arg","locations":[{"start":{"line":28,"column":11},"end":{"line":28,"column":20}}],"line":28},"6":{"loc":{"start":{"line":41,"column":7},"end":{"line":41,"column":54}},"type":"cond-expr","locations":[{"start":{"line":41,"column":21},"end":{"line":41,"column":43}},{"start":{"line":41,"column":46},"end":{"line":41,"column":54}}],"line":41}},"s":{"0":0,"1":0,"2":0},"f":{"0":0},"b":{"0":[0],"1":[0],"2":[0],"3":[0],"4":[0],"5":[0],"6":[0,0]}},"/home/coderamos/GITHUB/CASES/case-picpay-frontend/src/components/Form/FormAdd/index.tsx":{"path":"/home/coderamos/GITHUB/CASES/case-picpay-frontend/src/components/Form/FormAdd/index.tsx","statementMap":{"0":{"start":{"line":31,"column":50},"end":{"line":41,"column":3}},"1":{"start":{"line":44,"column":4},"end":{"line":44,"column":53}},"2":{"start":{"line":51,"column":6},"end":{"line":53,"column":4}},"3":{"start":{"line":55,"column":50},"end":{"line":67,"column":3}},"4":{"start":{"line":56,"column":21},"end":{"line":56,"column":58}},"5":{"start":{"line":57,"column":29},"end":{"line":57,"column":66}},"6":{"start":{"line":59,"column":4},"end":{"line":64,"column":7}},"7":{"start":{"line":65,"column":4},"end":{"line":65,"column":37}},"8":{"start":{"line":66,"column":4},"end":{"line":66,"column":12}},"9":{"start":{"line":69,"column":2},"end":{"line":142,"column":4}},"10":{"start":{"line":94,"column":14},"end":{"line":97,"column":16}},"11":{"start":{"line":109,"column":14},"end":{"line":109,"column":76}}},"fnMap":{"0":{"name":"FormAdd","decl":{"start":{"line":30,"column":24},"end":{"line":30,"column":31}},"loc":{"start":{"line":30,"column":70},"end":{"line":143,"column":1}},"line":30},"1":{"name":"(anonymous_1)","decl":{"start":{"line":55,"column":50},"end":{"line":55,"column":51}},"loc":{"start":{"line":55,"column":64},"end":{"line":67,"column":3}},"line":55},"2":{"name":"(anonymous_2)","decl":{"start":{"line":93,"column":22},"end":{"line":93,"column":23}},"loc":{"start":{"line":94,"column":14},"end":{"line":97,"column":16}},"line":94},"3":{"name":"(anonymous_3)","decl":{"start":{"line":108,"column":22},"end":{"line":108,"column":23}},"loc":{"start":{"line":108,"column":33},"end":{"line":110,"column":13}},"line":108}},"branchMap":{"0":{"loc":{"start":{"line":83,"column":13},"end":{"line":85,"column":13}},"type":"binary-expr","locations":[{"start":{"line":83,"column":13},"end":{"line":83,"column":24}},{"start":{"line":84,"column":14},"end":{"line":84,"column":68}}],"line":83},"1":{"loc":{"start":{"line":115,"column":13},"end":{"line":117,"column":13}},"type":"binary-expr","locations":[{"start":{"line":115,"column":13},"end":{"line":115,"column":25}},{"start":{"line":116,"column":14},"end":{"line":116,"column":69}}],"line":115},"2":{"loc":{"start":{"line":127,"column":13},"end":{"line":129,"column":13}},"type":"binary-expr","locations":[{"start":{"line":127,"column":13},"end":{"line":127,"column":25}},{"start":{"line":128,"column":14},"end":{"line":128,"column":69}}],"line":127}},"s":{"0":0,"1":0,"2":0,"3":0,"4":0,"5":0,"6":0,"7":0,"8":0,"9":0,"10":0,"11":0},"f":{"0":0,"1":0,"2":0,"3":0},"b":{"0":[0,0],"1":[0,0],"2":[0,0]}},"/home/coderamos/GITHUB/CASES/case-picpay-frontend/src/components/Logo/styles.ts":{"path":"/home/coderamos/GITHUB/CASES/case-picpay-frontend/src/components/Logo/styles.ts","statementMap":{"0":{"start":{"line":5,"column":23},"end":{"line":10,"column":1}},"1":{"start":{"line":6,"column":26},"end":{"line":9,"column":3}}},"fnMap":{"0":{"name":"(anonymous_0)","decl":{"start":{"line":6,"column":4},"end":{"line":6,"column":5}},"loc":{"start":{"line":6,"column":26},"end":{"line":9,"column":3}},"line":6}},"branchMap":{},"s":{"0":0,"1":0},"f":{"0":0},"b":{}},"/home/coderamos/GITHUB/CASES/case-picpay-frontend/src/components/Logo/index.tsx":{"path":"/home/coderamos/GITHUB/CASES/case-picpay-frontend/src/components/Logo/index.tsx","statementMap":{"0":{"start":{"line":9,"column":13},"end":{"line":24,"column":1}},"1":{"start":{"line":10,"column":2},"end":{"line":23,"column":14}}},"fnMap":{"0":{"name":"(anonymous_0)","decl":{"start":{"line":9,"column":13},"end":{"line":9,"column":14}},"loc":{"start":{"line":10,"column":2},"end":{"line":23,"column":14}},"line":10}},"branchMap":{},"s":{"0":0,"1":0},"f":{"0":0},"b":{}},"/home/coderamos/GITHUB/CASES/case-picpay-frontend/src/components/Form/FormEdit/index.tsx":{"path":"/home/coderamos/GITHUB/CASES/case-picpay-frontend/src/components/Form/FormEdit/index.tsx","statementMap":{"0":{"start":{"line":38,"column":27},"end":{"line":42,"column":3}},"1":{"start":{"line":44,"column":2},"end":{"line":46,"column":22}},"2":{"start":{"line":45,"column":4},"end":{"line":45,"column":38}},"3":{"start":{"line":49,"column":4},"end":{"line":49,"column":53}},"4":{"start":{"line":55,"column":6},"end":{"line":55,"column":30}},"5":{"start":{"line":57,"column":20},"end":{"line":59,"column":3}},"6":{"start":{"line":58,"column":4},"end":{"line":58,"column":15}},"7":{"start":{"line":61,"column":50},"end":{"line":71,"column":3}},"8":{"start":{"line":62,"column":21},"end":{"line":62,"column":58}},"9":{"start":{"line":63,"column":29},"end":{"line":63,"column":67}},"10":{"start":{"line":65,"column":4},"end":{"line":70,"column":7}},"11":{"start":{"line":72,"column":2},"end":{"line":155,"column":4}},"12":{"start":{"line":85,"column":14},"end":{"line":88,"column":16}},"13":{"start":{"line":102,"column":14},"end":{"line":105,"column":16}},"14":{"start":{"line":119,"column":14},"end":{"line":119,"column":78}},"15":{"start":{"line":134,"column":14},"end":{"line":137,"column":16}}},"fnMap":{"0":{"name":"FormEdit","decl":{"start":{"line":33,"column":24},"end":{"line":33,"column":32}},"loc":{"start":{"line":37,"column":18},"end":{"line":156,"column":1}},"line":37},"1":{"name":"(anonymous_1)","decl":{"start":{"line":44,"column":12},"end":{"line":44,"column":13}},"loc":{"start":{"line":44,"column":18},"end":{"line":46,"column":3}},"line":44},"2":{"name":"(anonymous_2)","decl":{"start":{"line":57,"column":20},"end":{"line":57,"column":21}},"loc":{"start":{"line":57,"column":26},"end":{"line":59,"column":3}},"line":57},"3":{"name":"(anonymous_3)","decl":{"start":{"line":61,"column":50},"end":{"line":61,"column":51}},"loc":{"start":{"line":61,"column":64},"end":{"line":71,"column":3}},"line":61},"4":{"name":"(anonymous_4)","decl":{"start":{"line":84,"column":22},"end":{"line":84,"column":23}},"loc":{"start":{"line":85,"column":14},"end":{"line":88,"column":16}},"line":85},"5":{"name":"(anonymous_5)","decl":{"start":{"line":101,"column":22},"end":{"line":101,"column":23}},"loc":{"start":{"line":102,"column":14},"end":{"line":105,"column":16}},"line":102},"6":{"name":"(anonymous_6)","decl":{"start":{"line":118,"column":22},"end":{"line":118,"column":23}},"loc":{"start":{"line":118,"column":33},"end":{"line":120,"column":13}},"line":118},"7":{"name":"(anonymous_7)","decl":{"start":{"line":133,"column":22},"end":{"line":133,"column":23}},"loc":{"start":{"line":134,"column":14},"end":{"line":137,"column":16}},"line":134}},"branchMap":{"0":{"loc":{"start":{"line":93,"column":13},"end":{"line":93,"column":73}},"type":"binary-expr","locations":[{"start":{"line":93,"column":13},"end":{"line":93,"column":24}},{"start":{"line":93,"column":28},"end":{"line":93,"column":73}}],"line":93},"1":{"loc":{"start":{"line":110,"column":13},"end":{"line":110,"column":73}},"type":"binary-expr","locations":[{"start":{"line":110,"column":13},"end":{"line":110,"column":24}},{"start":{"line":110,"column":28},"end":{"line":110,"column":73}}],"line":110},"2":{"loc":{"start":{"line":125,"column":13},"end":{"line":125,"column":75}},"type":"binary-expr","locations":[{"start":{"line":125,"column":13},"end":{"line":125,"column":25}},{"start":{"line":125,"column":29},"end":{"line":125,"column":75}}],"line":125},"3":{"loc":{"start":{"line":142,"column":13},"end":{"line":142,"column":75}},"type":"binary-expr","locations":[{"start":{"line":142,"column":13},"end":{"line":142,"column":25}},{"start":{"line":142,"column":29},"end":{"line":142,"column":75}}],"line":142}},"s":{"0":0,"1":0,"2":0,"3":0,"4":0,"5":0,"6":0,"7":0,"8":0,"9":0,"10":0,"11":0,"12":0,"13":0,"14":0,"15":0},"f":{"0":0,"1":0,"2":0,"3":0,"4":0,"5":0,"6":0,"7":0},"b":{"0":[0,0],"1":[0,0],"2":[0,0],"3":[0,0]}},"/home/coderamos/GITHUB/CASES/case-picpay-frontend/src/components/Table/styles.ts":{"path":"/home/coderamos/GITHUB/CASES/case-picpay-frontend/src/components/Table/styles.ts","statementMap":{"0":{"start":{"line":3,"column":23},"end":{"line":45,"column":1}},"1":{"start":{"line":4,"column":19},"end":{"line":44,"column":3}},"2":{"start":{"line":47,"column":31},"end":{"line":49,"column":1}},"3":{"start":{"line":48,"column":10},"end":{"line":48,"column":15}},"4":{"start":{"line":51,"column":32},"end":{"line":65,"column":1}},"5":{"start":{"line":52,"column":19},"end":{"line":64,"column":3}},"6":{"start":{"line":67,"column":25},"end":{"line":79,"column":1}},"7":{"start":{"line":68,"column":19},"end":{"line":78,"column":3}},"8":{"start":{"line":81,"column":24},"end":{"line":83,"column":1}},"9":{"start":{"line":82,"column":10},"end":{"line":82,"column":15}},"10":{"start":{"line":85,"column":35},"end":{"line":87,"column":1}},"11":{"start":{"line":86,"column":10},"end":{"line":86,"column":15}},"12":{"start":{"line":89,"column":33},"end":{"line":100,"column":1}},"13":{"start":{"line":90,"column":19},"end":{"line":99,"column":3}},"14":{"start":{"line":102,"column":30},"end":{"line":113,"column":1}},"15":{"start":{"line":103,"column":19},"end":{"line":112,"column":3}}},"fnMap":{"0":{"name":"(anonymous_0)","decl":{"start":{"line":4,"column":4},"end":{"line":4,"column":5}},"loc":{"start":{"line":4,"column":19},"end":{"line":44,"column":3}},"line":4},"1":{"name":"(anonymous_1)","decl":{"start":{"line":48,"column":4},"end":{"line":48,"column":5}},"loc":{"start":{"line":48,"column":10},"end":{"line":48,"column":15}},"line":48},"2":{"name":"(anonymous_2)","decl":{"start":{"line":52,"column":4},"end":{"line":52,"column":5}},"loc":{"start":{"line":52,"column":19},"end":{"line":64,"column":3}},"line":52},"3":{"name":"(anonymous_3)","decl":{"start":{"line":68,"column":4},"end":{"line":68,"column":5}},"loc":{"start":{"line":68,"column":19},"end":{"line":78,"column":3}},"line":68},"4":{"name":"(anonymous_4)","decl":{"start":{"line":82,"column":4},"end":{"line":82,"column":5}},"loc":{"start":{"line":82,"column":10},"end":{"line":82,"column":15}},"line":82},"5":{"name":"(anonymous_5)","decl":{"start":{"line":86,"column":4},"end":{"line":86,"column":5}},"loc":{"start":{"line":86,"column":10},"end":{"line":86,"column":15}},"line":86},"6":{"name":"(anonymous_6)","decl":{"start":{"line":90,"column":4},"end":{"line":90,"column":5}},"loc":{"start":{"line":90,"column":19},"end":{"line":99,"column":3}},"line":90},"7":{"name":"(anonymous_7)","decl":{"start":{"line":103,"column":4},"end":{"line":103,"column":5}},"loc":{"start":{"line":103,"column":19},"end":{"line":112,"column":3}},"line":103}},"branchMap":{},"s":{"0":0,"1":0,"2":0,"3":0,"4":0,"5":0,"6":0,"7":0,"8":0,"9":0,"10":0,"11":0,"12":0,"13":0,"14":0,"15":0},"f":{"0":0,"1":0,"2":0,"3":0,"4":0,"5":0,"6":0,"7":0},"b":{}},"/home/coderamos/GITHUB/CASES/case-picpay-frontend/src/components/Menu/styles.ts":{"path":"/home/coderamos/GITHUB/CASES/case-picpay-frontend/src/components/Menu/styles.ts","statementMap":{"0":{"start":{"line":3,"column":23},"end":{"line":9,"column":1}},"1":{"start":{"line":4,"column":19},"end":{"line":8,"column":3}},"2":{"start":{"line":11,"column":30},"end":{"line":14,"column":1}},"3":{"start":{"line":16,"column":27},"end":{"line":19,"column":1}},"4":{"start":{"line":21,"column":35},"end":{"line":23,"column":1}},"5":{"start":{"line":25,"column":35},"end":{"line":29,"column":1}},"6":{"start":{"line":31,"column":31},"end":{"line":37,"column":1}},"7":{"start":{"line":32,"column":19},"end":{"line":36,"column":3}},"8":{"start":{"line":39,"column":24},"end":{"line":39,"column":37}},"9":{"start":{"line":41,"column":25},"end":{"line":41,"column":38}}},"fnMap":{"0":{"name":"(anonymous_0)","decl":{"start":{"line":4,"column":4},"end":{"line":4,"column":5}},"loc":{"start":{"line":4,"column":19},"end":{"line":8,"column":3}},"line":4},"1":{"name":"(anonymous_1)","decl":{"start":{"line":32,"column":4},"end":{"line":32,"column":5}},"loc":{"start":{"line":32,"column":19},"end":{"line":36,"column":3}},"line":32}},"branchMap":{},"s":{"0":0,"1":0,"2":0,"3":0,"4":0,"5":0,"6":0,"7":0,"8":0,"9":0},"f":{"0":0,"1":0},"b":{}},"/home/coderamos/GITHUB/CASES/case-picpay-frontend/src/components/Menu/index.tsx":{"path":"/home/coderamos/GITHUB/CASES/case-picpay-frontend/src/components/Menu/index.tsx","statementMap":{"0":{"start":{"line":17,"column":13},"end":{"line":57,"column":1}},"1":{"start":{"line":18,"column":2},"end":{"line":56,"column":14}},"2":{"start":{"line":26,"column":48},"end":{"line":26,"column":58}}},"fnMap":{"0":{"name":"(anonymous_0)","decl":{"start":{"line":17,"column":13},"end":{"line":17,"column":14}},"loc":{"start":{"line":18,"column":2},"end":{"line":56,"column":14}},"line":18},"1":{"name":"(anonymous_1)","decl":{"start":{"line":26,"column":42},"end":{"line":26,"column":43}},"loc":{"start":{"line":26,"column":48},"end":{"line":26,"column":58}},"line":26}},"branchMap":{"0":{"loc":{"start":{"line":31,"column":15},"end":{"line":37,"column":15}},"type":"binary-expr","locations":[{"start":{"line":31,"column":15},"end":{"line":31,"column":19}},{"start":{"line":31,"column":23},"end":{"line":31,"column":32}},{"start":{"line":32,"column":16},"end":{"line":36,"column":29}}],"line":31},"1":{"loc":{"start":{"line":38,"column":15},"end":{"line":50,"column":15}},"type":"binary-expr","locations":[{"start":{"line":38,"column":15},"end":{"line":38,"column":19}},{"start":{"line":38,"column":23},"end":{"line":38,"column":33}},{"start":{"line":39,"column":16},"end":{"line":49,"column":30}}],"line":38}},"s":{"0":0,"1":0,"2":0},"f":{"0":0,"1":0},"b":{"0":[0,0,0],"1":[0,0,0]}},"/home/coderamos/GITHUB/CASES/case-picpay-frontend/src/components/Field/FieldText/index.tsx":{"path":"/home/coderamos/GITHUB/CASES/case-picpay-frontend/src/components/Field/FieldText/index.tsx","statementMap":{"0":{"start":{"line":15,"column":18},"end":{"line":43,"column":1}},"1":{"start":{"line":24,"column":2},"end":{"line":42,"column":14}}},"fnMap":{"0":{"name":"(anonymous_0)","decl":{"start":{"line":15,"column":18},"end":{"line":15,"column":19}},"loc":{"start":{"line":24,"column":2},"end":{"line":42,"column":14}},"line":24}},"branchMap":{"0":{"loc":{"start":{"line":18,"column":2},"end":{"line":18,"column":15}},"type":"default-arg","locations":[{"start":{"line":18,"column":9},"end":{"line":18,"column":15}}],"line":18},"1":{"loc":{"start":{"line":20,"column":2},"end":{"line":20,"column":23}},"type":"default-arg","locations":[{"start":{"line":20,"column":17},"end":{"line":20,"column":23}}],"line":20},"2":{"loc":{"start":{"line":25,"column":5},"end":{"line":29,"column":5}},"type":"binary-expr","locations":[{"start":{"line":25,"column":5},"end":{"line":25,"column":12}},{"start":{"line":26,"column":6},"end":{"line":28,"column":23}}],"line":25},"3":{"loc":{"start":{"line":31,"column":7},"end":{"line":33,"column":7}},"type":"binary-expr","locations":[{"start":{"line":31,"column":7},"end":{"line":31,"column":13}},{"start":{"line":32,"column":8},"end":{"line":32,"column":73}}],"line":31}},"s":{"0":0,"1":0},"f":{"0":0},"b":{"0":[0],"1":[0],"2":[0,0],"3":[0,0]}},"/home/coderamos/GITHUB/CASES/case-picpay-frontend/src/components/Icon/index.tsx":{"path":"/home/coderamos/GITHUB/CASES/case-picpay-frontend/src/components/Icon/index.tsx","statementMap":{"0":{"start":{"line":15,"column":26},"end":{"line":24,"column":1}},"1":{"start":{"line":30,"column":13},"end":{"line":33,"column":1}},"2":{"start":{"line":31,"column":18},"end":{"line":31,"column":29}},"3":{"start":{"line":32,"column":2},"end":{"line":32,"column":63}}},"fnMap":{"0":{"name":"(anonymous_0)","decl":{"start":{"line":30,"column":13},"end":{"line":30,"column":14}},"loc":{"start":{"line":30,"column":45},"end":{"line":33,"column":1}},"line":30}},"branchMap":{},"s":{"0":0,"1":0,"2":0,"3":0},"f":{"0":0},"b":{}},"/home/coderamos/GITHUB/CASES/case-picpay-frontend/src/components/Button/styles.ts":{"path":"/home/coderamos/GITHUB/CASES/case-picpay-frontend/src/components/Button/styles.ts","statementMap":{"0":{"start":{"line":6,"column":24},"end":{"line":31,"column":1}},"1":{"start":{"line":7,"column":36},"end":{"line":14,"column":3}},"2":{"start":{"line":15,"column":38},"end":{"line":22,"column":3}},"3":{"start":{"line":23,"column":35},"end":{"line":30,"column":3}},"4":{"start":{"line":33,"column":29},"end":{"line":51,"column":1}},"5":{"start":{"line":34,"column":39},"end":{"line":50,"column":3}}},"fnMap":{"0":{"name":"(anonymous_0)","decl":{"start":{"line":7,"column":11},"end":{"line":7,"column":12}},"loc":{"start":{"line":7,"column":36},"end":{"line":14,"column":3}},"line":7},"1":{"name":"(anonymous_1)","decl":{"start":{"line":15,"column":13},"end":{"line":15,"column":14}},"loc":{"start":{"line":15,"column":38},"end":{"line":22,"column":3}},"line":15},"2":{"name":"(anonymous_2)","decl":{"start":{"line":23,"column":10},"end":{"line":23,"column":11}},"loc":{"start":{"line":23,"column":35},"end":{"line":30,"column":3}},"line":23},"3":{"name":"(anonymous_3)","decl":{"start":{"line":34,"column":4},"end":{"line":34,"column":5}},"loc":{"start":{"line":34,"column":39},"end":{"line":50,"column":3}},"line":34}},"branchMap":{"0":{"loc":{"start":{"line":43,"column":13},"end":{"line":43,"column":41}},"type":"cond-expr","locations":[{"start":{"line":43,"column":25},"end":{"line":43,"column":31}},{"start":{"line":43,"column":34},"end":{"line":43,"column":41}}],"line":43},"1":{"loc":{"start":{"line":49,"column":6},"end":{"line":49,"column":50}},"type":"binary-expr","locations":[{"start":{"line":49,"column":6},"end":{"line":49,"column":15}},{"start":{"line":49,"column":19},"end":{"line":49,"column":50}}],"line":49}},"s":{"0":0,"1":0,"2":0,"3":0,"4":0,"5":0},"f":{"0":0,"1":0,"2":0,"3":0},"b":{"0":[0,0],"1":[0,0]}},"/home/coderamos/GITHUB/CASES/case-picpay-frontend/src/components/Button/index.tsx":{"path":"/home/coderamos/GITHUB/CASES/case-picpay-frontend/src/components/Button/index.tsx","statementMap":{"0":{"start":{"line":11,"column":15},"end":{"line":26,"column":1}},"1":{"start":{"line":18,"column":2},"end":{"line":25,"column":20}}},"fnMap":{"0":{"name":"(anonymous_0)","decl":{"start":{"line":11,"column":15},"end":{"line":11,"column":16}},"loc":{"start":{"line":18,"column":2},"end":{"line":25,"column":20}},"line":18}},"branchMap":{"0":{"loc":{"start":{"line":12,"column":2},"end":{"line":12,"column":21}},"type":"default-arg","locations":[{"start":{"line":12,"column":12},"end":{"line":12,"column":21}}],"line":12},"1":{"loc":{"start":{"line":14,"column":2},"end":{"line":14,"column":17}},"type":"default-arg","locations":[{"start":{"line":14,"column":9},"end":{"line":14,"column":17}}],"line":14},"2":{"loc":{"start":{"line":15,"column":2},"end":{"line":15,"column":19}},"type":"default-arg","locations":[{"start":{"line":15,"column":14},"end":{"line":15,"column":19}}],"line":15}},"s":{"0":0,"1":0},"f":{"0":0},"b":{"0":[0],"1":[0],"2":[0]}},"/home/coderamos/GITHUB/CASES/case-picpay-frontend/src/components/MediaMatch/styles.ts":{"path":"/home/coderamos/GITHUB/CASES/case-picpay-frontend/src/components/MediaMatch/styles.ts","statementMap":{"0":{"start":{"line":3,"column":23},"end":{"line":5,"column":1}},"1":{"start":{"line":4,"column":10},"end":{"line":4,"column":15}}},"fnMap":{"0":{"name":"(anonymous_0)","decl":{"start":{"line":4,"column":4},"end":{"line":4,"column":5}},"loc":{"start":{"line":4,"column":10},"end":{"line":4,"column":15}},"line":4}},"branchMap":{},"s":{"0":0,"1":0},"f":{"0":0},"b":{}},"/home/coderamos/GITHUB/CASES/case-picpay-frontend/src/components/Modal/ModalAdd/styles.ts":{"path":"/home/coderamos/GITHUB/CASES/case-picpay-frontend/src/components/Modal/ModalAdd/styles.ts","statementMap":{"0":{"start":{"line":3,"column":23},"end":{"line":5,"column":1}},"1":{"start":{"line":4,"column":10},"end":{"line":4,"column":15}}},"fnMap":{"0":{"name":"(anonymous_0)","decl":{"start":{"line":4,"column":4},"end":{"line":4,"column":5}},"loc":{"start":{"line":4,"column":10},"end":{"line":4,"column":15}},"line":4}},"branchMap":{},"s":{"0":0,"1":0},"f":{"0":0},"b":{}},"/home/coderamos/GITHUB/CASES/case-picpay-frontend/src/components/Modal/ModalAdd/index.tsx":{"path":"/home/coderamos/GITHUB/CASES/case-picpay-frontend/src/components/Modal/ModalAdd/index.tsx","statementMap":{"0":{"start":{"line":11,"column":17},"end":{"line":21,"column":1}},"1":{"start":{"line":12,"column":23},"end":{"line":14,"column":3}},"2":{"start":{"line":13,"column":4},"end":{"line":13,"column":23}},"3":{"start":{"line":16,"column":2},"end":{"line":20,"column":4}}},"fnMap":{"0":{"name":"(anonymous_0)","decl":{"start":{"line":11,"column":17},"end":{"line":11,"column":18}},"loc":{"start":{"line":11,"column":69},"end":{"line":21,"column":1}},"line":11},"1":{"name":"(anonymous_1)","decl":{"start":{"line":12,"column":23},"end":{"line":12,"column":24}},"loc":{"start":{"line":12,"column":57},"end":{"line":14,"column":3}},"line":12}},"branchMap":{},"s":{"0":0,"1":0,"2":0,"3":0},"f":{"0":0,"1":0},"b":{}},"/home/coderamos/GITHUB/CASES/case-picpay-frontend/src/components/Modal/ModalEdit/styles.ts":{"path":"/home/coderamos/GITHUB/CASES/case-picpay-frontend/src/components/Modal/ModalEdit/styles.ts","statementMap":{"0":{"start":{"line":3,"column":23},"end":{"line":5,"column":1}},"1":{"start":{"line":4,"column":10},"end":{"line":4,"column":15}}},"fnMap":{"0":{"name":"(anonymous_0)","decl":{"start":{"line":4,"column":4},"end":{"line":4,"column":5}},"loc":{"start":{"line":4,"column":10},"end":{"line":4,"column":15}},"line":4}},"branchMap":{},"s":{"0":0,"1":0},"f":{"0":0},"b":{}},"/home/coderamos/GITHUB/CASES/case-picpay-frontend/src/components/Modal/ModalEdit/index.tsx":{"path":"/home/coderamos/GITHUB/CASES/case-picpay-frontend/src/components/Modal/ModalEdit/index.tsx","statementMap":{"0":{"start":{"line":12,"column":18},"end":{"line":31,"column":1}},"1":{"start":{"line":18,"column":23},"end":{"line":20,"column":3}},"2":{"start":{"line":19,"column":4},"end":{"line":19,"column":23}},"3":{"start":{"line":22,"column":2},"end":{"line":30,"column":4}}},"fnMap":{"0":{"name":"(anonymous_0)","decl":{"start":{"line":12,"column":18},"end":{"line":12,"column":19}},"loc":{"start":{"line":17,"column":22},"end":{"line":31,"column":1}},"line":17},"1":{"name":"(anonymous_1)","decl":{"start":{"line":18,"column":23},"end":{"line":18,"column":24}},"loc":{"start":{"line":18,"column":57},"end":{"line":20,"column":3}},"line":18}},"branchMap":{},"s":{"0":0,"1":0,"2":0,"3":0},"f":{"0":0,"1":0},"b":{}},"/home/coderamos/GITHUB/CASES/case-picpay-frontend/src/components/Modal/ModalDelete/index.tsx":{"path":"/home/coderamos/GITHUB/CASES/case-picpay-frontend/src/components/Modal/ModalDelete/index.tsx","statementMap":{"0":{"start":{"line":12,"column":20},"end":{"line":25,"column":1}},"1":{"start":{"line":18,"column":2},"end":{"line":24,"column":20}}},"fnMap":{"0":{"name":"(anonymous_0)","decl":{"start":{"line":12,"column":20},"end":{"line":12,"column":21}},"loc":{"start":{"line":18,"column":2},"end":{"line":24,"column":20}},"line":18}},"branchMap":{},"s":{"0":0,"1":0},"f":{"0":0},"b":{}},"/home/coderamos/GITHUB/CASES/case-picpay-frontend/src/components/Table/index.tsx":{"path":"/home/coderamos/GITHUB/CASES/case-picpay-frontend/src/components/Table/index.tsx","statementMap":{"0":{"start":{"line":23,"column":17},"end":{"line":29,"column":1}},"1":{"start":{"line":28,"column":2},"end":{"line":28,"column":71}},"2":{"start":{"line":31,"column":19},"end":{"line":36,"column":1}},"3":{"start":{"line":35,"column":2},"end":{"line":35,"column":48}},"4":{"start":{"line":38,"column":14},"end":{"line":208,"column":1}},"5":{"start":{"line":48,"column":23},"end":{"line":189,"column":3}},"6":{"start":{"line":54,"column":8},"end":{"line":58,"column":28}},"7":{"start":{"line":66,"column":8},"end":{"line":77,"column":28}},"8":{"start":{"line":83,"column":8},"end":{"line":83,"column":59}},"9":{"start":{"line":91,"column":8},"end":{"line":97,"column":28}},"10":{"start":{"line":103,"column":8},"end":{"line":103,"column":60}},"11":{"start":{"line":111,"column":8},"end":{"line":122,"column":28}},"12":{"start":{"line":128,"column":8},"end":{"line":128,"column":59}},"13":{"start":{"line":137,"column":8},"end":{"line":143,"column":28}},"14":{"start":{"line":149,"column":8},"end":{"line":149,"column":53}},"15":{"start":{"line":157,"column":8},"end":{"line":159,"column":9}},"16":{"start":{"line":158,"column":10},"end":{"line":158,"column":71}},"17":{"start":{"line":160,"column":8},"end":{"line":160,"column":69}},"18":{"start":{"line":170,"column":8},"end":{"line":170,"column":40}},"19":{"start":{"line":177,"column":8},"end":{"line":186,"column":10}},"20":{"start":{"line":179,"column":48},"end":{"line":179,"column":77}},"21":{"start":{"line":182,"column":45},"end":{"line":182,"column":76}},"22":{"start":{"line":191,"column":2},"end":{"line":207,"column":4}},"23":{"start":{"line":202,"column":12},"end":{"line":202,"column":52}}},"fnMap":{"0":{"name":"(anonymous_0)","decl":{"start":{"line":23,"column":17},"end":{"line":23,"column":18}},"loc":{"start":{"line":27,"column":5},"end":{"line":29,"column":1}},"line":27},"1":{"name":"(anonymous_1)","decl":{"start":{"line":31,"column":19},"end":{"line":31,"column":20}},"loc":{"start":{"line":34,"column":5},"end":{"line":36,"column":1}},"line":34},"2":{"name":"(anonymous_2)","decl":{"start":{"line":38,"column":14},"end":{"line":38,"column":15}},"loc":{"start":{"line":46,"column":18},"end":{"line":208,"column":1}},"line":46},"3":{"name":"(anonymous_3)","decl":{"start":{"line":53,"column":14},"end":{"line":53,"column":15}},"loc":{"start":{"line":54,"column":8},"end":{"line":58,"column":28}},"line":54},"4":{"name":"(anonymous_4)","decl":{"start":{"line":65,"column":14},"end":{"line":65,"column":15}},"loc":{"start":{"line":66,"column":8},"end":{"line":77,"column":28}},"line":66},"5":{"name":"(anonymous_5)","decl":{"start":{"line":79,"column":14},"end":{"line":79,"column":15}},"loc":{"start":{"line":82,"column":11},"end":{"line":84,"column":7}},"line":82},"6":{"name":"(anonymous_6)","decl":{"start":{"line":90,"column":14},"end":{"line":90,"column":15}},"loc":{"start":{"line":91,"column":8},"end":{"line":97,"column":28}},"line":91},"7":{"name":"(anonymous_7)","decl":{"start":{"line":99,"column":14},"end":{"line":99,"column":15}},"loc":{"start":{"line":102,"column":11},"end":{"line":104,"column":7}},"line":102},"8":{"name":"(anonymous_8)","decl":{"start":{"line":110,"column":14},"end":{"line":110,"column":15}},"loc":{"start":{"line":111,"column":8},"end":{"line":122,"column":28}},"line":111},"9":{"name":"(anonymous_9)","decl":{"start":{"line":124,"column":14},"end":{"line":124,"column":15}},"loc":{"start":{"line":127,"column":11},"end":{"line":129,"column":7}},"line":127},"10":{"name":"(anonymous_10)","decl":{"start":{"line":136,"column":14},"end":{"line":136,"column":15}},"loc":{"start":{"line":137,"column":8},"end":{"line":143,"column":28}},"line":137},"11":{"name":"(anonymous_11)","decl":{"start":{"line":145,"column":14},"end":{"line":145,"column":15}},"loc":{"start":{"line":148,"column":11},"end":{"line":150,"column":7}},"line":148},"12":{"name":"(anonymous_12)","decl":{"start":{"line":156,"column":14},"end":{"line":156,"column":15}},"loc":{"start":{"line":156,"column":34},"end":{"line":161,"column":7}},"line":156},"13":{"name":"(anonymous_13)","decl":{"start":{"line":166,"column":16},"end":{"line":166,"column":17}},"loc":{"start":{"line":169,"column":11},"end":{"line":171,"column":7}},"line":169},"14":{"name":"(anonymous_14)","decl":{"start":{"line":176,"column":14},"end":{"line":176,"column":15}},"loc":{"start":{"line":176,"column":46},"end":{"line":187,"column":7}},"line":176},"15":{"name":"(anonymous_15)","decl":{"start":{"line":179,"column":42},"end":{"line":179,"column":43}},"loc":{"start":{"line":179,"column":48},"end":{"line":179,"column":77}},"line":179},"16":{"name":"(anonymous_16)","decl":{"start":{"line":182,"column":39},"end":{"line":182,"column":40}},"loc":{"start":{"line":182,"column":45},"end":{"line":182,"column":76}},"line":182},"17":{"name":"(anonymous_17)","decl":{"start":{"line":201,"column":20},"end":{"line":201,"column":21}},"loc":{"start":{"line":201,"column":47},"end":{"line":203,"column":11}},"line":201}},"branchMap":{"0":{"loc":{"start":{"line":157,"column":8},"end":{"line":159,"column":9}},"type":"if","locations":[{"start":{"line":157,"column":8},"end":{"line":159,"column":9}},{"start":{},"end":{}}],"line":157}},"s":{"0":0,"1":0,"2":0,"3":0,"4":0,"5":0,"6":0,"7":0,"8":0,"9":0,"10":0,"11":0,"12":0,"13":0,"14":0,"15":0,"16":0,"17":0,"18":0,"19":0,"20":0,"21":0,"22":0,"23":0},"f":{"0":0,"1":0,"2":0,"3":0,"4":0,"5":0,"6":0,"7":0,"8":0,"9":0,"10":0,"11":0,"12":0,"13":0,"14":0,"15":0,"16":0,"17":0},"b":{"0":[0,0]}},"/home/coderamos/GITHUB/CASES/case-picpay-frontend/src/components/Modal/index.tsx":{"path":"/home/coderamos/GITHUB/CASES/case-picpay-frontend/src/components/Modal/index.tsx","statementMap":{"0":{"start":{"line":6,"column":14},"end":{"line":11,"column":1}}},"fnMap":{},"branchMap":{},"s":{"0":0},"f":{},"b":{}},"/home/coderamos/GITHUB/CASES/case-picpay-frontend/src/components/index.ts":{"path":"/home/coderamos/GITHUB/CASES/case-picpay-frontend/src/components/index.ts","statementMap":{},"fnMap":{},"branchMap":{},"s":{},"f":{},"b":{}},"/home/coderamos/GITHUB/CASES/case-picpay-frontend/src/components/Modal/ModalBase/styles.ts":{"path":"/home/coderamos/GITHUB/CASES/case-picpay-frontend/src/components/Modal/ModalBase/styles.ts","statementMap":{"0":{"start":{"line":3,"column":23},"end":{"line":5,"column":1}},"1":{"start":{"line":4,"column":10},"end":{"line":4,"column":15}},"2":{"start":{"line":7,"column":28},"end":{"line":11,"column":1}},"3":{"start":{"line":8,"column":10},"end":{"line":10,"column":3}},"4":{"start":{"line":13,"column":30},"end":{"line":15,"column":1}},"5":{"start":{"line":14,"column":10},"end":{"line":14,"column":15}}},"fnMap":{"0":{"name":"(anonymous_0)","decl":{"start":{"line":4,"column":4},"end":{"line":4,"column":5}},"loc":{"start":{"line":4,"column":10},"end":{"line":4,"column":15}},"line":4},"1":{"name":"(anonymous_1)","decl":{"start":{"line":8,"column":4},"end":{"line":8,"column":5}},"loc":{"start":{"line":8,"column":10},"end":{"line":10,"column":3}},"line":8},"2":{"name":"(anonymous_2)","decl":{"start":{"line":14,"column":4},"end":{"line":14,"column":5}},"loc":{"start":{"line":14,"column":10},"end":{"line":14,"column":15}},"line":14}},"branchMap":{},"s":{"0":0,"1":0,"2":0,"3":0,"4":0,"5":0},"f":{"0":0,"1":0,"2":0},"b":{}},"/home/coderamos/GITHUB/CASES/case-picpay-frontend/src/components/Modal/ModalBase/index.tsx":{"path":"/home/coderamos/GITHUB/CASES/case-picpay-frontend/src/components/Modal/ModalBase/index.tsx","statementMap":{"0":{"start":{"line":13,"column":18},"end":{"line":26,"column":1}},"1":{"start":{"line":14,"column":2},"end":{"line":25,"column":4}}},"fnMap":{"0":{"name":"(anonymous_0)","decl":{"start":{"line":13,"column":18},"end":{"line":13,"column":19}},"loc":{"start":{"line":13,"column":78},"end":{"line":26,"column":1}},"line":13}},"branchMap":{},"s":{"0":0,"1":0},"f":{"0":0},"b":{}}}}